1773335385.152009 client started (8817): version 3.5a, socket /private/tmp/tmux-501/default, protocol 8
1773335385.152151 on Darwin 25.3.0 Darwin Kernel Version 25.3.0: Wed Jan 28 20:56:35 PST 2026; root:xnu-12377.91.3~2/RELEASE_ARM64_T6030
1773335385.152186 using libevent 2.1.12-stable select
1773335385.152261 using utf8proc 2.10.0
1773335385.152296 using ncurses 6.5 20240427
1773335385.152335 flags are 0x10010000
1773335385.152355 socket is /private/tmp/tmux-501/default
1773335385.152389 trying connect
1773335385.152501 add peer 0xacb01c000: 6 (0x0)
1773335385.157502 sending message 111 to peer 0xacb01c000 (8 bytes)
1773335385.157552 sending message 111 to peer 0xacb01c000 (8 bytes)
1773335385.157566 sending message 101 to peer 0xacb01c000 (16 bytes)
1773335385.157577 sending message 109 to peer 0xacb01c000 (4 bytes)
1773335385.157587 sending message 102 to peer 0xacb01c000 (13 bytes)
1773335385.157599 sending message 108 to peer 0xacb01c000 (26 bytes)
1773335385.157610 sending message 112 to peer 0xacb01c000 (70 bytes)
1773335385.157619 sending message 112 to peer 0xacb01c000 (5 bytes)
1773335385.157628 sending message 112 to peer 0xacb01c000 (5 bytes)
1773335385.157648 sending message 112 to peer 0xacb01c000 (6 bytes)
1773335385.157660 sending message 112 to peer 0xacb01c000 (6 bytes)
1773335385.157668 sending message 112 to peer 0xacb01c000 (11 bytes)
1773335385.157676 sending message 112 to peer 0xacb01c000 (10 bytes)
1773335385.157684 sending message 112 to peer 0xacb01c000 (13 bytes)
1773335385.157692 sending message 112 to peer 0xacb01c000 (13 bytes)
1773335385.157701 sending message 112 to peer 0xacb01c000 (18 bytes)
1773335385.157710 sending message 112 to peer 0xacb01c000 (11 bytes)
1773335385.157718 sending message 112 to peer 0xacb01c000 (21 bytes)
1773335385.157726 sending message 112 to peer 0xacb01c000 (13 bytes)
1773335385.157735 sending message 112 to peer 0xacb01c000 (7 bytes)
1773335385.157744 sending message 112 to peer 0xacb01c000 (13 bytes)
1773335385.157752 sending message 112 to peer 0xacb01c000 (7 bytes)
1773335385.157761 sending message 112 to peer 0xacb01c000 (13 bytes)
1773335385.157769 sending message 112 to peer 0xacb01c000 (9 bytes)
1773335385.157778 sending message 112 to peer 0xacb01c000 (21 bytes)
1773335385.157790 sending message 112 to peer 0xacb01c000 (13 bytes)
1773335385.157799 sending message 112 to peer 0xacb01c000 (8 bytes)
1773335385.157807 sending message 112 to peer 0xacb01c000 (12 bytes)
1773335385.157814 sending message 112 to peer 0xacb01c000 (13 bytes)
1773335385.157820 sending message 112 to peer 0xacb01c000 (9 bytes)
1773335385.157827 sending message 112 to peer 0xacb01c000 (9 bytes)
1773335385.157837 sending message 112 to peer 0xacb01c000 (12 bytes)
1773335385.157845 sending message 112 to peer 0xacb01c000 (8 bytes)
1773335385.157852 sending message 112 to peer 0xacb01c000 (7 bytes)
1773335385.157858 sending message 112 to peer 0xacb01c000 (7 bytes)
1773335385.157865 sending message 112 to peer 0xacb01c000 (9 bytes)
1773335385.157872 sending message 112 to peer 0xacb01c000 (13 bytes)
1773335385.157878 sending message 112 to peer 0xacb01c000 (9 bytes)
1773335385.157885 sending message 112 to peer 0xacb01c000 (15 bytes)
1773335385.157892 sending message 112 to peer 0xacb01c000 (13 bytes)
1773335385.157899 sending message 112 to peer 0xacb01c000 (12 bytes)
1773335385.157905 sending message 112 to peer 0xacb01c000 (8 bytes)
1773335385.157912 sending message 112 to peer 0xacb01c000 (14 bytes)
1773335385.157919 sending message 112 to peer 0xacb01c000 (9 bytes)
1773335385.157926 sending message 112 to peer 0xacb01c000 (10 bytes)
1773335385.157932 sending message 112 to peer 0xacb01c000 (10 bytes)
1773335385.157939 sending message 112 to peer 0xacb01c000 (10 bytes)
1773335385.157946 sending message 112 to peer 0xacb01c000 (10 bytes)
1773335385.157953 sending message 112 to peer 0xacb01c000 (11 bytes)
1773335385.157959 sending message 112 to peer 0xacb01c000 (10 bytes)
1773335385.157966 sending message 112 to peer 0xacb01c000 (8 bytes)
1773335385.157973 sending message 112 to peer 0xacb01c000 (11 bytes)
1773335385.157996 sending message 112 to peer 0xacb01c000 (11 bytes)
1773335385.158002 sending message 112 to peer 0xacb01c000 (11 bytes)
1773335385.158008 sending message 112 to peer 0xacb01c000 (8 bytes)
1773335385.158013 sending message 112 to peer 0xacb01c000 (8 bytes)
1773335385.158018 sending message 112 to peer 0xacb01c000 (8 bytes)
1773335385.158023 sending message 112 to peer 0xacb01c000 (10 bytes)
1773335385.158028 sending message 112 to peer 0xacb01c000 (10 bytes)
1773335385.158033 sending message 112 to peer 0xacb01c000 (10 bytes)
1773335385.158039 sending message 112 to peer 0xacb01c000 (10 bytes)
1773335385.158044 sending message 112 to peer 0xacb01c000 (10 bytes)
1773335385.158052 sending message 112 to peer 0xacb01c000 (11 bytes)
1773335385.158058 sending message 112 to peer 0xacb01c000 (11 bytes)
1773335385.158063 sending message 112 to peer 0xacb01c000 (10 bytes)
1773335385.158068 sending message 112 to peer 0xacb01c000 (9 bytes)
1773335385.158073 sending message 112 to peer 0xacb01c000 (9 bytes)
1773335385.158079 sending message 112 to peer 0xacb01c000 (12 bytes)
1773335385.158085 sending message 112 to peer 0xacb01c000 (9 bytes)
1773335385.158090 sending message 112 to peer 0xacb01c000 (6 bytes)
1773335385.158095 sending message 112 to peer 0xacb01c000 (13 bytes)
1773335385.158100 sending message 112 to peer 0xacb01c000 (8 bytes)
1773335385.158105 sending message 112 to peer 0xacb01c000 (15 bytes)
1773335385.158109 sending message 112 to peer 0xacb01c000 (13 bytes)
1773335385.158114 sending message 112 to peer 0xacb01c000 (70 bytes)
1773335385.158119 sending message 112 to peer 0xacb01c000 (69 bytes)
1773335385.158125 sending message 112 to peer 0xacb01c000 (10 bytes)
1773335385.158130 sending message 112 to peer 0xacb01c000 (8 bytes)
1773335385.158134 sending message 112 to peer 0xacb01c000 (15 bytes)
1773335385.158139 sending message 112 to peer 0xacb01c000 (13 bytes)
1773335385.158144 sending message 112 to peer 0xacb01c000 (10 bytes)
1773335385.158149 sending message 112 to peer 0xacb01c000 (10 bytes)
1773335385.158154 sending message 112 to peer 0xacb01c000 (5 bytes)
1773335385.158159 sending message 112 to peer 0xacb01c000 (15 bytes)
1773335385.158165 sending message 104 to peer 0xacb01c000 (0 bytes)
1773335385.158171 sending message 110 to peer 0xacb01c000 (0 bytes)
1773335385.158176 sending message 107 to peer 0xacb01c000 (4 bytes)
1773335385.158181 sending message 105 to peer 0xacb01c000 (83 bytes)
1773335385.158187 sending message 105 to peer 0xacb01c000 (87 bytes)
1773335385.158192 sending message 105 to peer 0xacb01c000 (32 bytes)
1773335385.158197 sending message 105 to peer 0xacb01c000 (47 bytes)
1773335385.158202 sending message 105 to peer 0xacb01c000 (107 bytes)
1773335385.158208 sending message 105 to peer 0xacb01c000 (20 bytes)
1773335385.158213 sending message 105 to peer 0xacb01c000 (22 bytes)
1773335385.158218 sending message 105 to peer 0xacb01c000 (67 bytes)
1773335385.158223 sending message 105 to peer 0xacb01c000 (26 bytes)
1773335385.158228 sending message 105 to peer 0xacb01c000 (21 bytes)
1773335385.158233 sending message 105 to peer 0xacb01c000 (58 bytes)
1773335385.158238 sending message 105 to peer 0xacb01c000 (21 bytes)
1773335385.158243 sending message 105 to peer 0xacb01c000 (37 bytes)
1773335385.158248 sending message 105 to peer 0xacb01c000 (24 bytes)
1773335385.158253 sending message 105 to peer 0xacb01c000 (30 bytes)
1773335385.158259 sending message 105 to peer 0xacb01c000 (34 bytes)
1773335385.158263 sending message 105 to peer 0xacb01c000 (60 bytes)
1773335385.158269 sending message 105 to peer 0xacb01c000 (13 bytes)
1773335385.158274 sending message 105 to peer 0xacb01c000 (19 bytes)
1773335385.158279 sending message 105 to peer 0xacb01c000 (8 bytes)
1773335385.158284 sending message 105 to peer 0xacb01c000 (17 bytes)
1773335385.158289 sending message 105 to peer 0xacb01c000 (32 bytes)
1773335385.158294 sending message 105 to peer 0xacb01c000 (96 bytes)
1773335385.158299 sending message 105 to peer 0xacb01c000 (109 bytes)
1773335385.158304 sending message 105 to peer 0xacb01c000 (56 bytes)
1773335385.158319 sending message 105 to peer 0xacb01c000 (16 bytes)
1773335385.158325 sending message 105 to peer 0xacb01c000 (29 bytes)
1773335385.158330 sending message 105 to peer 0xacb01c000 (65 bytes)
1773335385.158335 sending message 105 to peer 0xacb01c000 (33 bytes)
1773335385.158340 sending message 105 to peer 0xacb01c000 (18 bytes)
1773335385.158345 sending message 105 to peer 0xacb01c000 (11 bytes)
1773335385.158351 sending message 105 to peer 0xacb01c000 (1883 bytes)
1773335385.158356 sending message 105 to peer 0xacb01c000 (65 bytes)
1773335385.158361 sending message 105 to peer 0xacb01c000 (30 bytes)
1773335385.158367 sending message 105 to peer 0xacb01c000 (108 bytes)
1773335385.158372 sending message 105 to peer 0xacb01c000 (102 bytes)
1773335385.158377 sending message 105 to peer 0xacb01c000 (23 bytes)
1773335385.158382 sending message 105 to peer 0xacb01c000 (43 bytes)
1773335385.158387 sending message 105 to peer 0xacb01c000 (15 bytes)
1773335385.158392 sending message 105 to peer 0xacb01c000 (8 bytes)
1773335385.158397 sending message 105 to peer 0xacb01c000 (66 bytes)
1773335385.158403 sending message 105 to peer 0xacb01c000 (103 bytes)
1773335385.158408 sending message 105 to peer 0xacb01c000 (21 bytes)
1773335385.158413 sending message 105 to peer 0xacb01c000 (18 bytes)
1773335385.158418 sending message 105 to peer 0xacb01c000 (26 bytes)
1773335385.158424 sending message 105 to peer 0xacb01c000 (57 bytes)
1773335385.158429 sending message 105 to peer 0xacb01c000 (43 bytes)
1773335385.158435 sending message 105 to peer 0xacb01c000 (14 bytes)
1773335385.158441 sending message 105 to peer 0xacb01c000 (14 bytes)
1773335385.158446 sending message 105 to peer 0xacb01c000 (21 bytes)
1773335385.158451 sending message 105 to peer 0xacb01c000 (14 bytes)
1773335385.158456 sending message 105 to peer 0xacb01c000 (19 bytes)
1773335385.158461 sending message 105 to peer 0xacb01c000 (31 bytes)
1773335385.158466 sending message 105 to peer 0xacb01c000 (35 bytes)
1773335385.158471 sending message 105 to peer 0xacb01c000 (32 bytes)
1773335385.158479 sending message 105 to peer 0xacb01c000 (109 bytes)
1773335385.158485 sending message 105 to peer 0xacb01c000 (25 bytes)
1773335385.158490 sending message 106 to peer 0xacb01c000 (0 bytes)
1773335385.158566 sending message 200 to peer 0xacb01c000 (4 bytes)
1773335385.158575 client loop enter
1773335385.158760 peer 0xacb01c000 message 303
1773335385.158775 open write file 2 -
1773335385.158798 sending message 305 to peer 0xacb01c000 (8 bytes)
1773335385.158817 write check file 2
1773335385.158868 peer 0xacb01c000 message 304
1773335385.158877 write 58 to file 2
1773335385.158884 peer 0xacb01c000 message 203
1773335385.158889 file 2 58 bytes left
1773335385.158903 write check file 2
1773335385.158909 client loop exit
